<?xml version="1.0" encoding="UTF-8" standalone="yes"?><!DOCTYPE report PUBLIC "-//JACOCO//DTD Report 1.1//EN" "report.dtd"><report name="pdatabase"><sessioninfo id="CloudComputingProjectVM-108e87b6" start="1729993257186" dump="1729993259235"/><sessioninfo id="CloudComputingProjectVM-14f0d618" start="1729993943474" dump="1729993945342"/><package name="edu/cmu/cs/sample"><class name="edu/cmu/cs/sample/Main" sourcefilename="Main.java"><method name="&lt;init&gt;" desc="()V" line="19"><counter type="INSTRUCTION" missed="3" covered="0"/><counter type="LINE" missed="1" covered="0"/><counter type="COMPLEXITY" missed="1" covered="0"/><counter type="METHOD" missed="1" covered="0"/></method><method name="main" desc="([Ljava/lang/String;)V" line="64"><counter type="INSTRUCTION" missed="25" covered="0"/><counter type="BRANCH" missed="5" covered="0"/><counter type="LINE" missed="11" covered="0"/><counter type="COMPLEXITY" missed="4" covered="0"/><counter type="METHOD" missed="1" covered="0"/></method><method name="showUsage" desc="()V" line="85"><counter type="INSTRUCTION" missed="33" covered="0"/><counter type="LINE" missed="7" covered="0"/><counter type="COMPLEXITY" missed="1" covered="0"/><counter type="METHOD" missed="1" covered="0"/></method><method name="initializeConnection" desc="()V" line="103"><counter type="INSTRUCTION" missed="9" covered="0"/><counter type="LINE" missed="3" covered="0"/><counter type="COMPLEXITY" missed="1" covered="0"/><counter type="METHOD" missed="1" covered="0"/></method><method name="plainSQL" desc="()V" line="121"><counter type="INSTRUCTION" missed="123" covered="0"/><counter type="BRANCH" missed="8" covered="0"/><counter type="LINE" missed="35" covered="0"/><counter type="COMPLEXITY" missed="5" covered="0"/><counter type="METHOD" missed="1" covered="0"/></method><method name="hibernate" desc="()V" line="197"><counter type="INSTRUCTION" missed="96" covered="0"/><counter type="BRANCH" missed="10" covered="0"/><counter type="LINE" missed="23" covered="0"/><counter type="COMPLEXITY" missed="6" covered="0"/><counter type="METHOD" missed="1" covered="0"/></method><method name="buildSessionFactory" desc="()Lorg/hibernate/SessionFactory;" line="242"><counter type="INSTRUCTION" missed="63" covered="0"/><counter type="LINE" missed="15" covered="0"/><counter type="COMPLEXITY" missed="1" covered="0"/><counter type="METHOD" missed="1" covered="0"/></method><method name="&lt;clinit&gt;" desc="()V" line="23"><counter type="INSTRUCTION" missed="6" covered="0"/><counter type="LINE" missed="2" covered="0"/><counter type="COMPLEXITY" missed="1" covered="0"/><counter type="METHOD" missed="1" covered="0"/></method><counter type="INSTRUCTION" missed="358" covered="0"/><counter type="BRANCH" missed="23" covered="0"/><counter type="LINE" missed="97" covered="0"/><counter type="COMPLEXITY" missed="20" covered="0"/><counter type="METHOD" missed="8" covered="0"/><counter type="CLASS" missed="1" covered="0"/></class><class name="edu/cmu/cs/sample/Course" sourcefilename="Course.java"><method name="&lt;init&gt;" desc="(Ljava/lang/String;Ljava/lang/String;)V" line="11"><counter type="INSTRUCTION" missed="23" covered="0"/><counter type="BRANCH" missed="4" covered="0"/><counter type="LINE" missed="1" covered="0"/><counter type="COMPLEXITY" missed="3" covered="0"/><counter type="METHOD" missed="1" covered="0"/></method><method name="getCourseId" desc="()Ljava/lang/String;" line="18"><counter type="INSTRUCTION" missed="3" covered="0"/><counter type="LINE" missed="1" covered="0"/><counter type="COMPLEXITY" missed="1" covered="0"/><counter type="METHOD" missed="1" covered="0"/></method><method name="getName" desc="()Ljava/lang/String;" line="22"><counter type="INSTRUCTION" missed="3" covered="0"/><counter type="LINE" missed="1" covered="0"/><counter type="COMPLEXITY" missed="1" covered="0"/><counter type="METHOD" missed="1" covered="0"/></method><method name="setCourseId" desc="(Ljava/lang/String;)V" line="11"><counter type="INSTRUCTION" missed="11" covered="0"/><counter type="BRANCH" missed="2" covered="0"/><counter type="LINE" missed="1" covered="0"/><counter type="COMPLEXITY" missed="2" covered="0"/><counter type="METHOD" missed="1" covered="0"/></method><method name="setName" desc="(Ljava/lang/String;)V" line="11"><counter type="INSTRUCTION" missed="11" covered="0"/><counter type="BRANCH" missed="2" covered="0"/><counter type="LINE" missed="1" covered="0"/><counter type="COMPLEXITY" missed="2" covered="0"/><counter type="METHOD" missed="1" covered="0"/></method><method name="equals" desc="(Ljava/lang/Object;)Z" line="11"><counter type="INSTRUCTION" missed="55" covered="0"/><counter type="BRANCH" missed="18" covered="0"/><counter type="LINE" missed="1" covered="0"/><counter type="COMPLEXITY" missed="10" covered="0"/><counter type="METHOD" missed="1" covered="0"/></method><method name="canEqual" desc="(Ljava/lang/Object;)Z" line="11"><counter type="INSTRUCTION" missed="3" covered="0"/><counter type="LINE" missed="1" covered="0"/><counter type="COMPLEXITY" missed="1" covered="0"/><counter type="METHOD" missed="1" covered="0"/></method><method name="hashCode" desc="()I" line="11"><counter type="INSTRUCTION" missed="34" covered="0"/><counter type="BRANCH" missed="4" covered="0"/><counter type="LINE" missed="1" covered="0"/><counter type="COMPLEXITY" missed="3" covered="0"/><counter type="METHOD" missed="1" covered="0"/></method><method name="toString" desc="()Ljava/lang/String;" line="11"><counter type="INSTRUCTION" missed="17" covered="0"/><counter type="LINE" missed="1" covered="0"/><counter type="COMPLEXITY" missed="1" covered="0"/><counter type="METHOD" missed="1" covered="0"/></method><counter type="INSTRUCTION" missed="160" covered="0"/><counter type="BRANCH" missed="30" covered="0"/><counter type="LINE" missed="3" covered="0"/><counter type="COMPLEXITY" missed="24" covered="0"/><counter type="METHOD" missed="9" covered="0"/><counter type="CLASS" missed="1" covered="0"/></class><class name="edu/cmu/cs/sample/Project" sourcefilename="Project.java"><method name="&lt;init&gt;" desc="(Ljava/lang/String;Ljava/lang/String;)V" line="13"><counter type="INSTRUCTION" missed="23" covered="0"/><counter type="BRANCH" missed="4" covered="0"/><counter type="LINE" missed="1" covered="0"/><counter type="COMPLEXITY" missed="3" covered="0"/><counter type="METHOD" missed="1" covered="0"/></method><method name="getProjectId" desc="()Ljava/lang/String;" line="20"><counter type="INSTRUCTION" missed="3" covered="0"/><counter type="LINE" missed="1" covered="0"/><counter type="COMPLEXITY" missed="1" covered="0"/><counter type="METHOD" missed="1" covered="0"/></method><method name="getName" desc="()Ljava/lang/String;" line="24"><counter type="INSTRUCTION" missed="3" covered="0"/><counter type="LINE" missed="1" covered="0"/><counter type="COMPLEXITY" missed="1" covered="0"/><counter type="METHOD" missed="1" covered="0"/></method><method name="getCourse" desc="()Ledu/cmu/cs/sample/Course;" line="28"><counter type="INSTRUCTION" missed="3" covered="0"/><counter type="LINE" missed="1" covered="0"/><counter type="COMPLEXITY" missed="1" covered="0"/><counter type="METHOD" missed="1" covered="0"/></method><method name="setProjectId" desc="(Ljava/lang/String;)V" line="13"><counter type="INSTRUCTION" missed="11" covered="0"/><counter type="BRANCH" missed="2" covered="0"/><counter type="LINE" missed="1" covered="0"/><counter type="COMPLEXITY" missed="2" covered="0"/><counter type="METHOD" missed="1" covered="0"/></method><method name="setName" desc="(Ljava/lang/String;)V" line="13"><counter type="INSTRUCTION" missed="11" covered="0"/><counter type="BRANCH" missed="2" covered="0"/><counter type="LINE" missed="1" covered="0"/><counter type="COMPLEXITY" missed="2" covered="0"/><counter type="METHOD" missed="1" covered="0"/></method><method name="setCourse" desc="(Ledu/cmu/cs/sample/Course;)V" line="13"><counter type="INSTRUCTION" missed="4" covered="0"/><counter type="LINE" missed="1" covered="0"/><counter type="COMPLEXITY" missed="1" covered="0"/><counter type="METHOD" missed="1" covered="0"/></method><method name="equals" desc="(Ljava/lang/Object;)Z" line="13"><counter type="INSTRUCTION" missed="72" covered="0"/><counter type="BRANCH" missed="24" covered="0"/><counter type="LINE" missed="1" covered="0"/><counter type="COMPLEXITY" missed="13" covered="0"/><counter type="METHOD" missed="1" covered="0"/></method><method name="canEqual" desc="(Ljava/lang/Object;)Z" line="13"><counter type="INSTRUCTION" missed="3" covered="0"/><counter type="LINE" missed="1" covered="0"/><counter type="COMPLEXITY" missed="1" covered="0"/><counter type="METHOD" missed="1" covered="0"/></method><method name="hashCode" desc="()I" line="13"><counter type="INSTRUCTION" missed="48" covered="0"/><counter type="BRANCH" missed="6" covered="0"/><counter type="LINE" missed="1" covered="0"/><counter type="COMPLEXITY" missed="4" covered="0"/><counter type="METHOD" missed="1" covered="0"/></method><method name="toString" desc="()Ljava/lang/String;" line="13"><counter type="INSTRUCTION" missed="22" covered="0"/><counter type="LINE" missed="1" covered="0"/><counter type="COMPLEXITY" missed="1" covered="0"/><counter type="METHOD" missed="1" covered="0"/></method><counter type="INSTRUCTION" missed="203" covered="0"/><counter type="BRANCH" missed="38" covered="0"/><counter type="LINE" missed="4" covered="0"/><counter type="COMPLEXITY" missed="30" covered="0"/><counter type="METHOD" missed="11" covered="0"/><counter type="CLASS" missed="1" covered="0"/></class><sourcefile name="Project.java"><line nr="13" mi="194" ci="0" mb="38" cb="0"/><line nr="20" mi="3" ci="0" mb="0" cb="0"/><line nr="24" mi="3" ci="0" mb="0" cb="0"/><line nr="28" mi="3" ci="0" mb="0" cb="0"/><counter type="INSTRUCTION" missed="203" covered="0"/><counter type="BRANCH" missed="38" covered="0"/><counter type="LINE" missed="4" covered="0"/><counter type="COMPLEXITY" missed="30" covered="0"/><counter type="METHOD" missed="11" covered="0"/><counter type="CLASS" missed="1" covered="0"/></sourcefile><sourcefile name="Course.java"><line nr="11" mi="154" ci="0" mb="30" cb="0"/><line nr="18" mi="3" ci="0" mb="0" cb="0"/><line nr="22" mi="3" ci="0" mb="0" cb="0"/><counter type="INSTRUCTION" missed="160" covered="0"/><counter type="BRANCH" missed="30" covered="0"/><counter type="LINE" missed="3" covered="0"/><counter type="COMPLEXITY" missed="24" covered="0"/><counter type="METHOD" missed="9" covered="0"/><counter type="CLASS" missed="1" covered="0"/></sourcefile><sourcefile name="Main.java"><line nr="19" mi="3" ci="0" mb="0" cb="0"/><line nr="23" mi="2" ci="0" mb="0" cb="0"/><line nr="50" mi="4" ci="0" mb="0" cb="0"/><line nr="64" mi="4" ci="0" mb="2" cb="0"/><line nr="65" mi="1" ci="0" mb="0" cb="0"/><line nr="66" mi="2" ci="0" mb="0" cb="0"/><line nr="68" mi="10" ci="0" mb="3" cb="0"/><line nr="70" mi="1" ci="0" mb="0" cb="0"/><line nr="71" mi="1" ci="0" mb="0" cb="0"/><line nr="73" mi="1" ci="0" mb="0" cb="0"/><line nr="74" mi="1" ci="0" mb="0" cb="0"/><line nr="76" mi="1" ci="0" mb="0" cb="0"/><line nr="77" mi="2" ci="0" mb="0" cb="0"/><line nr="79" mi="1" ci="0" mb="0" cb="0"/><line nr="85" mi="2" ci="0" mb="0" cb="0"/><line nr="86" mi="2" ci="0" mb="0" cb="0"/><line nr="87" mi="13" ci="0" mb="0" cb="0"/><line nr="88" mi="1" ci="0" mb="0" cb="0"/><line nr="90" mi="13" ci="0" mb="0" cb="0"/><line nr="91" mi="1" ci="0" mb="0" cb="0"/><line nr="93" mi="1" ci="0" mb="0" cb="0"/><line nr="103" mi="3" ci="0" mb="0" cb="0"/><line nr="104" mi="5" ci="0" mb="0" cb="0"/><line nr="105" mi="1" ci="0" mb="0" cb="0"/><line nr="121" mi="6" ci="0" mb="0" cb="0"/><line nr="122" mi="6" ci="0" mb="0" cb="0"/><line nr="123" mi="3" ci="0" mb="0" cb="0"/><line nr="124" mi="6" ci="0" mb="0" cb="0"/><line nr="125" mi="3" ci="0" mb="0" cb="0"/><line nr="127" mi="2" ci="0" mb="0" cb="0"/><line nr="128" mi="2" ci="0" mb="0" cb="0"/><line nr="130" mi="1" ci="0" mb="0" cb="0"/><line nr="133" mi="4" ci="0" mb="0" cb="0"/><line nr="137" mi="5" ci="0" mb="0" cb="0"/><line nr="138" mi="5" ci="0" mb="0" cb="0"/><line nr="141" mi="3" ci="0" mb="0" cb="0"/><line nr="143" mi="4" ci="0" mb="0" cb="0"/><line nr="146" mi="25" ci="0" mb="2" cb="0"/><line nr="147" mi="5" ci="0" mb="0" cb="0"/><line nr="148" mi="5" ci="0" mb="0" cb="0"/><line nr="152" mi="3" ci="0" mb="0" cb="0"/><line nr="153" mi="5" ci="0" mb="0" cb="0"/><line nr="154" mi="3" ci="0" mb="0" cb="0"/><line nr="157" mi="3" ci="0" mb="0" cb="0"/><line nr="158" mi="1" ci="0" mb="0" cb="0"/><line nr="159" mi="2" ci="0" mb="0" cb="0"/><line nr="161" mi="2" ci="0" mb="2" cb="0"/><line nr="163" mi="2" ci="0" mb="0" cb="0"/><line nr="164" mi="1" ci="0" mb="0" cb="0"/><line nr="165" mi="2" ci="0" mb="0" cb="0"/><line nr="166" mi="1" ci="0" mb="0" cb="0"/><line nr="168" mi="2" ci="0" mb="2" cb="0"/><line nr="170" mi="2" ci="0" mb="0" cb="0"/><line nr="171" mi="1" ci="0" mb="0" cb="0"/><line nr="172" mi="2" ci="0" mb="0" cb="0"/><line nr="173" mi="1" ci="0" mb="0" cb="0"/><line nr="175" mi="2" ci="0" mb="2" cb="0"/><line nr="176" mi="2" ci="0" mb="0" cb="0"/><line nr="181" mi="1" ci="0" mb="0" cb="0"/><line nr="197" mi="3" ci="0" mb="0" cb="0"/><line nr="199" mi="6" ci="0" mb="0" cb="0"/><line nr="200" mi="6" ci="0" mb="0" cb="0"/><line nr="201" mi="3" ci="0" mb="0" cb="0"/><line nr="202" mi="6" ci="0" mb="0" cb="0"/><line nr="203" mi="3" ci="0" mb="0" cb="0"/><line nr="205" mi="2" ci="0" mb="0" cb="0"/><line nr="206" mi="2" ci="0" mb="0" cb="0"/><line nr="208" mi="2" ci="0" mb="0" cb="0"/><line nr="209" mi="3" ci="0" mb="0" cb="0"/><line nr="210" mi="3" ci="0" mb="0" cb="0"/><line nr="211" mi="4" ci="0" mb="0" cb="0"/><line nr="212" mi="25" ci="0" mb="2" cb="0"/><line nr="213" mi="4" ci="0" mb="0" cb="0"/><line nr="215" mi="3" ci="0" mb="0" cb="0"/><line nr="217" mi="3" ci="0" mb="0" cb="0"/><line nr="218" mi="1" ci="0" mb="0" cb="0"/><line nr="219" mi="2" ci="0" mb="0" cb="0"/><line nr="221" mi="5" ci="0" mb="4" cb="0"/><line nr="222" mi="2" ci="0" mb="0" cb="0"/><line nr="224" mi="5" ci="0" mb="4" cb="0"/><line nr="225" mi="2" ci="0" mb="0" cb="0"/><line nr="228" mi="1" ci="0" mb="0" cb="0"/><line nr="242" mi="4" ci="0" mb="0" cb="0"/><line nr="243" mi="5" ci="0" mb="0" cb="0"/><line nr="245" mi="5" ci="0" mb="0" cb="0"/><line nr="246" mi="5" ci="0" mb="0" cb="0"/><line nr="247" mi="5" ci="0" mb="0" cb="0"/><line nr="248" mi="5" ci="0" mb="0" cb="0"/><line nr="250" mi="4" ci="0" mb="0" cb="0"/><line nr="251" mi="4" ci="0" mb="0" cb="0"/><line nr="253" mi="4" ci="0" mb="0" cb="0"/><line nr="254" mi="4" ci="0" mb="0" cb="0"/><line nr="256" mi="4" ci="0" mb="0" cb="0"/><line nr="257" mi="4" ci="0" mb="0" cb="0"/><line nr="258" mi="4" ci="0" mb="0" cb="0"/><line nr="259" mi="1" ci="0" mb="0" cb="0"/><line nr="260" mi="5" ci="0" mb="0" cb="0"/><counter type="INSTRUCTION" missed="358" covered="0"/><counter type="BRANCH" missed="23" covered="0"/><counter type="LINE" missed="97" covered="0"/><counter type="COMPLEXITY" missed="20" covered="0"/><counter type="METHOD" missed="8" covered="0"/><counter type="CLASS" missed="1" covered="0"/></sourcefile><counter type="INSTRUCTION" missed="721" covered="0"/><counter type="BRANCH" missed="91" covered="0"/><counter type="LINE" missed="104" covered="0"/><counter type="COMPLEXITY" missed="74" covered="0"/><counter type="METHOD" missed="28" covered="0"/><counter type="CLASS" missed="3" covered="0"/></package><package name="edu/cmu/cs/cloud"><class name="edu/cmu/cs/cloud/YelpApp" sourcefilename="YelpApp.java"><method name="&lt;init&gt;" desc="()V" line="28"><counter type="INSTRUCTION" missed="3" covered="0"/><counter type="LINE" missed="1" covered="0"/><counter type="COMPLEXITY" missed="1" covered="0"/><counter type="METHOD" missed="1" covered="0"/></method><method name="buildSessionFactory" desc="()Lorg/hibernate/SessionFactory;" line="49"><counter type="INSTRUCTION" missed="56" covered="0"/><counter type="BRANCH" missed="2" covered="0"/><counter type="LINE" missed="14" covered="0"/><counter type="COMPLEXITY" missed="2" covered="0"/><counter type="METHOD" missed="1" covered="0"/></method><method name="main" desc="([Ljava/lang/String;)V" line="88"><counter type="INSTRUCTION" missed="73" covered="0"/><counter type="BRANCH" missed="10" covered="0"/><counter type="LINE" missed="25" covered="0"/><counter type="COMPLEXITY" missed="6" covered="0"/><counter type="METHOD" missed="1" covered="0"/></method><method name="&lt;clinit&gt;" desc="()V" line="33"><counter type="INSTRUCTION" missed="9" covered="0"/><counter type="LINE" missed="3" covered="0"/><counter type="COMPLEXITY" missed="1" covered="0"/><counter type="METHOD" missed="1" covered="0"/></method><counter type="INSTRUCTION" missed="141" covered="0"/><counter type="BRANCH" missed="12" covered="0"/><counter type="LINE" missed="43" covered="0"/><counter type="COMPLEXITY" missed="10" covered="0"/><counter type="METHOD" missed="4" covered="0"/><counter type="CLASS" missed="1" covered="0"/></class><class name="edu/cmu/cs/cloud/Business" sourcefilename="Business.java"><method name="&lt;init&gt;" desc="()V" line="28"><counter type="INSTRUCTION" missed="3" covered="0"/><counter type="LINE" missed="1" covered="0"/><counter type="COMPLEXITY" missed="1" covered="0"/><counter type="METHOD" missed="1" covered="0"/></method><method name="getAddress" desc="()Ljava/lang/String;" line="37"><counter type="INSTRUCTION" missed="3" covered="0"/><counter type="LINE" missed="1" covered="0"/><counter type="COMPLEXITY" missed="1" covered="0"/><counter type="METHOD" missed="1" covered="0"/></method><method name="getBusiness_id" desc="()Ljava/lang/String;" line="44"><counter type="INSTRUCTION" missed="3" covered="0"/><counter type="LINE" missed="1" covered="0"/><counter type="COMPLEXITY" missed="1" covered="0"/><counter type="METHOD" missed="1" covered="0"/></method><method name="getCity" desc="()Ljava/lang/String;" line="49"><counter type="INSTRUCTION" missed="3" covered="0"/><counter type="LINE" missed="1" covered="0"/><counter type="COMPLEXITY" missed="1" covered="0"/><counter type="METHOD" missed="1" covered="0"/></method><method name="getHours" desc="()Ljava/lang/String;" line="54"><counter type="INSTRUCTION" missed="3" covered="0"/><counter type="LINE" missed="1" covered="0"/><counter type="COMPLEXITY" missed="1" covered="0"/><counter type="METHOD" missed="1" covered="0"/></method><method name="getLatitude" desc="()Ljava/lang/String;" line="59"><counter type="INSTRUCTION" missed="3" covered="0"/><counter type="LINE" missed="1" covered="0"/><counter type="COMPLEXITY" missed="1" covered="0"/><counter type="METHOD" missed="1" covered="0"/></method><method name="getLongitude" desc="()Ljava/lang/String;" line="64"><counter type="INSTRUCTION" missed="3" covered="0"/><counter type="LINE" missed="1" covered="0"/><counter type="COMPLEXITY" missed="1" covered="0"/><counter type="METHOD" missed="1" covered="0"/></method><method name="getName" desc="()Ljava/lang/String;" line="69"><counter type="INSTRUCTION" missed="3" covered="0"/><counter type="LINE" missed="1" covered="0"/><counter type="COMPLEXITY" missed="1" covered="0"/><counter type="METHOD" missed="1" covered="0"/></method><method name="getPostal_code" desc="()Ljava/lang/String;" line="74"><counter type="INSTRUCTION" missed="3" covered="0"/><counter type="LINE" missed="1" covered="0"/><counter type="COMPLEXITY" missed="1" covered="0"/><counter type="METHOD" missed="1" covered="0"/></method><method name="getReview_count" desc="()I" line="79"><counter type="INSTRUCTION" missed="3" covered="0"/><counter type="LINE" missed="1" covered="0"/><counter type="COMPLEXITY" missed="1" covered="0"/><counter type="METHOD" missed="1" covered="0"/></method><method name="getStars" desc="()F" line="84"><counter type="INSTRUCTION" missed="3" covered="0"/><counter type="LINE" missed="1" covered="0"/><counter type="COMPLEXITY" missed="1" covered="0"/><counter type="METHOD" missed="1" covered="0"/></method><method name="getState" desc="()Ljava/lang/String;" line="89"><counter type="INSTRUCTION" missed="3" covered="0"/><counter type="LINE" missed="1" covered="0"/><counter type="COMPLEXITY" missed="1" covered="0"/><counter type="METHOD" missed="1" covered="0"/></method><method name="getNeighborhood" desc="()Ljava/lang/String;" line="94"><counter type="INSTRUCTION" missed="3" covered="0"/><counter type="LINE" missed="1" covered="0"/><counter type="COMPLEXITY" missed="1" covered="0"/><counter type="METHOD" missed="1" covered="0"/></method><method name="isOpen" desc="()Z" line="99"><counter type="INSTRUCTION" missed="3" covered="0"/><counter type="LINE" missed="1" covered="0"/><counter type="COMPLEXITY" missed="1" covered="0"/><counter type="METHOD" missed="1" covered="0"/></method><method name="getAttributes" desc="()Ljava/lang/String;" line="104"><counter type="INSTRUCTION" missed="3" covered="0"/><counter type="LINE" missed="1" covered="0"/><counter type="COMPLEXITY" missed="1" covered="0"/><counter type="METHOD" missed="1" covered="0"/></method><method name="getCategories" desc="()Ljava/lang/String;" line="109"><counter type="INSTRUCTION" missed="3" covered="0"/><counter type="LINE" missed="1" covered="0"/><counter type="COMPLEXITY" missed="1" covered="0"/><counter type="METHOD" missed="1" covered="0"/></method><method name="setAddress" desc="(Ljava/lang/String;)V" line="28"><counter type="INSTRUCTION" missed="4" covered="0"/><counter type="LINE" missed="1" covered="0"/><counter type="COMPLEXITY" missed="1" covered="0"/><counter type="METHOD" missed="1" covered="0"/></method><method name="setBusiness_id" desc="(Ljava/lang/String;)V" line="28"><counter type="INSTRUCTION" missed="4" covered="0"/><counter type="LINE" missed="1" covered="0"/><counter type="COMPLEXITY" missed="1" covered="0"/><counter type="METHOD" missed="1" covered="0"/></method><method name="setCity" desc="(Ljava/lang/String;)V" line="28"><counter type="INSTRUCTION" missed="4" covered="0"/><counter type="LINE" missed="1" covered="0"/><counter type="COMPLEXITY" missed="1" covered="0"/><counter type="METHOD" missed="1" covered="0"/></method><method name="setHours" desc="(Ljava/lang/String;)V" line="28"><counter type="INSTRUCTION" missed="4" covered="0"/><counter type="LINE" missed="1" covered="0"/><counter type="COMPLEXITY" missed="1" covered="0"/><counter type="METHOD" missed="1" covered="0"/></method><method name="setLatitude" desc="(Ljava/lang/String;)V" line="28"><counter type="INSTRUCTION" missed="4" covered="0"/><counter type="LINE" missed="1" covered="0"/><counter type="COMPLEXITY" missed="1" covered="0"/><counter type="METHOD" missed="1" covered="0"/></method><method name="setLongitude" desc="(Ljava/lang/String;)V" line="28"><counter type="INSTRUCTION" missed="4" covered="0"/><counter type="LINE" missed="1" covered="0"/><counter type="COMPLEXITY" missed="1" covered="0"/><counter type="METHOD" missed="1" covered="0"/></method><method name="setName" desc="(Ljava/lang/String;)V" line="28"><counter type="INSTRUCTION" missed="4" covered="0"/><counter type="LINE" missed="1" covered="0"/><counter type="COMPLEXITY" missed="1" covered="0"/><counter type="METHOD" missed="1" covered="0"/></method><method name="setPostal_code" desc="(Ljava/lang/String;)V" line="28"><counter type="INSTRUCTION" missed="4" covered="0"/><counter type="LINE" missed="1" covered="0"/><counter type="COMPLEXITY" missed="1" covered="0"/><counter type="METHOD" missed="1" covered="0"/></method><method name="setReview_count" desc="(I)V" line="28"><counter type="INSTRUCTION" missed="4" covered="0"/><counter type="LINE" missed="1" covered="0"/><counter type="COMPLEXITY" missed="1" covered="0"/><counter type="METHOD" missed="1" covered="0"/></method><method name="setStars" desc="(F)V" line="28"><counter type="INSTRUCTION" missed="4" covered="0"/><counter type="LINE" missed="1" covered="0"/><counter type="COMPLEXITY" missed="1" covered="0"/><counter type="METHOD" missed="1" covered="0"/></method><method name="setState" desc="(Ljava/lang/String;)V" line="28"><counter type="INSTRUCTION" missed="4" covered="0"/><counter type="LINE" missed="1" covered="0"/><counter type="COMPLEXITY" missed="1" covered="0"/><counter type="METHOD" missed="1" covered="0"/></method><method name="setNeighborhood" desc="(Ljava/lang/String;)V" line="28"><counter type="INSTRUCTION" missed="4" covered="0"/><counter type="LINE" missed="1" covered="0"/><counter type="COMPLEXITY" missed="1" covered="0"/><counter type="METHOD" missed="1" covered="0"/></method><method name="setOpen" desc="(Z)V" line="28"><counter type="INSTRUCTION" missed="4" covered="0"/><counter type="LINE" missed="1" covered="0"/><counter type="COMPLEXITY" missed="1" covered="0"/><counter type="METHOD" missed="1" covered="0"/></method><method name="setAttributes" desc="(Ljava/lang/String;)V" line="28"><counter type="INSTRUCTION" missed="4" covered="0"/><counter type="LINE" missed="1" covered="0"/><counter type="COMPLEXITY" missed="1" covered="0"/><counter type="METHOD" missed="1" covered="0"/></method><method name="setCategories" desc="(Ljava/lang/String;)V" line="28"><counter type="INSTRUCTION" missed="4" covered="0"/><counter type="LINE" missed="1" covered="0"/><counter type="COMPLEXITY" missed="1" covered="0"/><counter type="METHOD" missed="1" covered="0"/></method><method name="equals" desc="(Ljava/lang/Object;)Z" line="28"><counter type="INSTRUCTION" missed="247" covered="0"/><counter type="BRANCH" missed="84" covered="0"/><counter type="LINE" missed="1" covered="0"/><counter type="COMPLEXITY" missed="43" covered="0"/><counter type="METHOD" missed="1" covered="0"/></method><method name="canEqual" desc="(Ljava/lang/Object;)Z" line="28"><counter type="INSTRUCTION" missed="3" covered="0"/><counter type="LINE" missed="1" covered="0"/><counter type="COMPLEXITY" missed="1" covered="0"/><counter type="METHOD" missed="1" covered="0"/></method><method name="hashCode" desc="()I" line="28"><counter type="INSTRUCTION" missed="200" covered="0"/><counter type="BRANCH" missed="26" covered="0"/><counter type="LINE" missed="1" covered="0"/><counter type="COMPLEXITY" missed="14" covered="0"/><counter type="METHOD" missed="1" covered="0"/></method><method name="toString" desc="()Ljava/lang/String;" line="28"><counter type="INSTRUCTION" missed="82" covered="0"/><counter type="LINE" missed="1" covered="0"/><counter type="COMPLEXITY" missed="1" covered="0"/><counter type="METHOD" missed="1" covered="0"/></method><counter type="INSTRUCTION" missed="640" covered="0"/><counter type="BRANCH" missed="110" covered="0"/><counter type="LINE" missed="16" covered="0"/><counter type="COMPLEXITY" missed="90" covered="0"/><counter type="METHOD" missed="35" covered="0"/><counter type="CLASS" missed="1" covered="0"/></class><class name="edu/cmu/cs/cloud/MySQLTasks" sourcefilename="MySQLTasks.java"><method name="&lt;init&gt;" desc="()V" line="13"><counter type="INSTRUCTION" missed="3" covered="0"/><counter type="LINE" missed="1" covered="0"/><counter type="COMPLEXITY" missed="1" covered="0"/><counter type="METHOD" missed="1" covered="0"/></method><method name="main" desc="([Ljava/lang/String;)V" line="55"><counter type="INSTRUCTION" missed="46" covered="0"/><counter type="BRANCH" missed="11" covered="0"/><counter type="LINE" missed="27" covered="0"/><counter type="COMPLEXITY" missed="10" covered="0"/><counter type="METHOD" missed="1" covered="0"/></method><method name="initializeConnection" desc="()V" line="105"><counter type="INSTRUCTION" missed="9" covered="0"/><counter type="LINE" missed="3" covered="0"/><counter type="COMPLEXITY" missed="1" covered="0"/><counter type="METHOD" missed="1" covered="0"/></method><method name="cleanup" desc="()V" line="113"><counter type="INSTRUCTION" missed="9" covered="0"/><counter type="BRANCH" missed="2" covered="0"/><counter type="LINE" missed="6" covered="0"/><counter type="COMPLEXITY" missed="2" covered="0"/><counter type="METHOD" missed="1" covered="0"/></method><method name="demo" desc="()V" line="128"><counter type="INSTRUCTION" missed="5" covered="0"/><counter type="LINE" missed="3" covered="0"/><counter type="COMPLEXITY" missed="1" covered="0"/><counter type="METHOD" missed="1" covered="0"/></method><method name="q2" desc="()V" line="155"><counter type="INSTRUCTION" missed="8" covered="0"/><counter type="LINE" missed="5" covered="0"/><counter type="COMPLEXITY" missed="1" covered="0"/><counter type="METHOD" missed="1" covered="0"/></method><method name="q3" desc="()V" line="174"><counter type="INSTRUCTION" missed="7" covered="0"/><counter type="LINE" missed="4" covered="0"/><counter type="COMPLEXITY" missed="1" covered="0"/><counter type="METHOD" missed="1" covered="0"/></method><method name="dropCustomIndexesOnReviews" desc="()V" line="195"><counter type="INSTRUCTION" missed="22" covered="0"/><counter type="BRANCH" missed="2" covered="0"/><counter type="LINE" missed="4" covered="0"/><counter type="COMPLEXITY" missed="2" covered="0"/><counter type="METHOD" missed="1" covered="0"/></method><method name="q4" desc="()V" line="226"><counter type="INSTRUCTION" missed="7" covered="0"/><counter type="LINE" missed="4" covered="0"/><counter type="COMPLEXITY" missed="1" covered="0"/><counter type="METHOD" missed="1" covered="0"/></method><method name="q5" desc="()V" line="251"><counter type="INSTRUCTION" missed="5" covered="0"/><counter type="LINE" missed="3" covered="0"/><counter type="COMPLEXITY" missed="1" covered="0"/><counter type="METHOD" missed="1" covered="0"/></method><method name="q6" desc="()V" line="270"><counter type="INSTRUCTION" missed="5" covered="0"/><counter type="LINE" missed="3" covered="0"/><counter type="COMPLEXITY" missed="1" covered="0"/><counter type="METHOD" missed="1" covered="0"/></method><method name="q7" desc="()V" line="285"><counter type="INSTRUCTION" missed="5" covered="0"/><counter type="LINE" missed="3" covered="0"/><counter type="COMPLEXITY" missed="1" covered="0"/><counter type="METHOD" missed="1" covered="0"/></method><method name="showUsage" desc="()V" line="302"><counter type="INSTRUCTION" missed="33" covered="0"/><counter type="LINE" missed="7" covered="0"/><counter type="COMPLEXITY" missed="1" covered="0"/><counter type="METHOD" missed="1" covered="0"/></method><method name="printScannedRows" desc="(Ljava/lang/String;)V" line="322"><counter type="INSTRUCTION" missed="53" covered="0"/><counter type="BRANCH" missed="6" covered="0"/><counter type="LINE" missed="18" covered="0"/><counter type="COMPLEXITY" missed="4" covered="0"/><counter type="METHOD" missed="1" covered="0"/></method><method name="printIndexColumnNames" desc="(Ljava/lang/String;)V" line="353"><counter type="INSTRUCTION" missed="16" covered="0"/><counter type="BRANCH" missed="2" covered="0"/><counter type="LINE" missed="4" covered="0"/><counter type="COMPLEXITY" missed="2" covered="0"/><counter type="METHOD" missed="1" covered="0"/></method><method name="getIndexNames" desc="(Ljava/lang/String;)Ljava/util/List;" line="365"><counter type="INSTRUCTION" missed="7" covered="0"/><counter type="LINE" missed="1" covered="0"/><counter type="COMPLEXITY" missed="1" covered="0"/><counter type="METHOD" missed="1" covered="0"/></method><method name="getIndexColumnNames" desc="(Ljava/lang/String;)Ljava/util/List;" line="375"><counter type="INSTRUCTION" missed="7" covered="0"/><counter type="LINE" missed="1" covered="0"/><counter type="COMPLEXITY" missed="1" covered="0"/><counter type="METHOD" missed="1" covered="0"/></method><method name="getIndexes" desc="(Ljava/lang/String;)Ljava/util/Map;" line="387"><counter type="INSTRUCTION" missed="68" covered="0"/><counter type="BRANCH" missed="10" covered="0"/><counter type="LINE" missed="22" covered="0"/><counter type="COMPLEXITY" missed="6" covered="0"/><counter type="METHOD" missed="1" covered="0"/></method><method name="executeDataManipulationQuery" desc="(Ljava/lang/String;)V" line="439"><counter type="INSTRUCTION" missed="36" covered="0"/><counter type="BRANCH" missed="4" covered="0"/><counter type="LINE" missed="14" covered="0"/><counter type="COMPLEXITY" missed="3" covered="0"/><counter type="METHOD" missed="1" covered="0"/></method><method name="executeDataDefinitionQuery" desc="(Ljava/lang/String;)V" line="478"><counter type="INSTRUCTION" missed="27" covered="0"/><counter type="BRANCH" missed="2" covered="0"/><counter type="LINE" missed="12" covered="0"/><counter type="COMPLEXITY" missed="2" covered="0"/><counter type="METHOD" missed="1" covered="0"/></method><method name="&lt;clinit&gt;" desc="()V" line="40"><counter type="INSTRUCTION" missed="7" covered="0"/><counter type="LINE" missed="2" covered="0"/><counter type="COMPLEXITY" missed="1" covered="0"/><counter type="METHOD" missed="1" covered="0"/></method><counter type="INSTRUCTION" missed="385" covered="0"/><counter type="BRANCH" missed="39" covered="0"/><counter type="LINE" missed="147" covered="0"/><counter type="COMPLEXITY" missed="44" covered="0"/><counter type="METHOD" missed="21" covered="0"/><counter type="CLASS" missed="1" covered="0"/></class><class name="edu/cmu/cs/cloud/Server" sourcefilename="Server.java"><method name="&lt;init&gt;" desc="(Lredis/clients/jedis/Jedis;)V" line="17"><counter type="INSTRUCTION" missed="12" covered="0"/><counter type="LINE" missed="4" covered="0"/><counter type="COMPLEXITY" missed="1" covered="0"/><counter type="METHOD" missed="1" covered="0"/></method><method name="reserve" desc="(Ljava/lang/String;Ljava/lang/Integer;)Z" line="34"><counter type="INSTRUCTION" missed="5" covered="0"/><counter type="LINE" missed="1" covered="0"/><counter type="COMPLEXITY" missed="1" covered="0"/><counter type="METHOD" missed="1" covered="0"/></method><method name="checkout" desc="(Ljava/lang/String;Ljava/lang/Integer;)Z" line="46"><counter type="INSTRUCTION" missed="5" covered="0"/><counter type="LINE" missed="1" covered="0"/><counter type="COMPLEXITY" missed="1" covered="0"/><counter type="METHOD" missed="1" covered="0"/></method><counter type="INSTRUCTION" missed="22" covered="0"/><counter type="LINE" missed="6" covered="0"/><counter type="COMPLEXITY" missed="3" covered="0"/><counter type="METHOD" missed="3" covered="0"/><counter type="CLASS" missed="1" covered="0"/></class><class name="edu/cmu/cs/cloud/Config" sourcefilename="Config.java"><method name="&lt;init&gt;" desc="(Ljava/lang/String;)V" line="12"><counter type="INSTRUCTION" missed="25" covered="0"/><counter type="LINE" missed="7" covered="0"/><counter type="COMPLEXITY" missed="1" covered="0"/><counter type="METHOD" missed="1" covered="0"/></method><method name="getHostName" desc="()Ljava/lang/String;" line="21"><counter type="INSTRUCTION" missed="3" covered="0"/><counter type="LINE" missed="1" covered="0"/><counter type="COMPLEXITY" missed="1" covered="0"/><counter type="METHOD" missed="1" covered="0"/></method><method name="getKey" desc="()Ljava/lang/String;" line="25"><counter type="INSTRUCTION" missed="3" covered="0"/><counter type="LINE" missed="1" covered="0"/><counter type="COMPLEXITY" missed="1" covered="0"/><counter type="METHOD" missed="1" covered="0"/></method><counter type="INSTRUCTION" missed="31" covered="0"/><counter type="LINE" missed="9" covered="0"/><counter type="COMPLEXITY" missed="3" covered="0"/><counter type="METHOD" missed="3" covered="0"/><counter type="CLASS" missed="1" covered="0"/></class><class name="edu/cmu/cs/cloud/Memcached" sourcefilename="Memcached.java"><method name="&lt;init&gt;" desc="()V" line="13"><counter type="INSTRUCTION" missed="8" covered="0"/><counter type="LINE" missed="2" covered="0"/><counter type="COMPLEXITY" missed="1" covered="0"/><counter type="METHOD" missed="1" covered="0"/></method><method name="set" desc="(Ljava/lang/String;Ljava/lang/String;)Ljava/lang/String;" line="31"><counter type="INSTRUCTION" missed="8" covered="0"/><counter type="LINE" missed="2" covered="0"/><counter type="COMPLEXITY" missed="1" covered="0"/><counter type="METHOD" missed="1" covered="0"/></method><method name="get" desc="(Ljava/lang/String;)Ljava/lang/String;" line="42"><counter type="INSTRUCTION" missed="6" covered="0"/><counter type="LINE" missed="1" covered="0"/><counter type="COMPLEXITY" missed="1" covered="0"/><counter type="METHOD" missed="1" covered="0"/></method><method name="delete" desc="(Ljava/lang/String;)Ljava/lang/String;" line="53"><counter type="INSTRUCTION" missed="14" covered="0"/><counter type="BRANCH" missed="2" covered="0"/><counter type="LINE" missed="4" covered="0"/><counter type="COMPLEXITY" missed="2" covered="0"/><counter type="METHOD" missed="1" covered="0"/></method><counter type="INSTRUCTION" missed="36" covered="0"/><counter type="BRANCH" missed="2" covered="0"/><counter type="LINE" missed="9" covered="0"/><counter type="COMPLEXITY" missed="5" covered="0"/><counter type="METHOD" missed="4" covered="0"/><counter type="CLASS" missed="1" covered="0"/></class><class name="edu/cmu/cs/cloud/RedisLock" sourcefilename="RedisLock.java"><method name="&lt;init&gt;" desc="(Lredis/clients/jedis/Jedis;)V" line="18"><counter type="INSTRUCTION" missed="6" covered="0"/><counter type="LINE" missed="3" covered="0"/><counter type="COMPLEXITY" missed="1" covered="0"/><counter type="METHOD" missed="1" covered="0"/></method><method name="acquireLock" desc="(Ljava/lang/String;Ljava/lang/Long;)Z" line="31"><counter type="INSTRUCTION" missed="16" covered="0"/><counter type="LINE" missed="3" covered="0"/><counter type="COMPLEXITY" missed="1" covered="0"/><counter type="METHOD" missed="1" covered="0"/></method><method name="releaseLock" desc="(Ljava/lang/String;)Z" line="47"><counter type="INSTRUCTION" missed="5" covered="0"/><counter type="LINE" missed="1" covered="0"/><counter type="COMPLEXITY" missed="1" covered="0"/><counter type="METHOD" missed="1" covered="0"/></method><counter type="INSTRUCTION" missed="27" covered="0"/><counter type="LINE" missed="7" covered="0"/><counter type="COMPLEXITY" missed="3" covered="0"/><counter type="METHOD" missed="3" covered="0"/><counter type="CLASS" missed="1" covered="0"/></class><class name="edu/cmu/cs/cloud/ReservationApp" sourcefilename="ReservationApp.java"><method name="&lt;init&gt;" desc="()V" line="9"><counter type="INSTRUCTION" missed="3" covered="0"/><counter type="LINE" missed="1" covered="0"/><counter type="COMPLEXITY" missed="1" covered="0"/><counter type="METHOD" missed="1" covered="0"/></method><method name="main" desc="([Ljava/lang/String;)V" line="15"><counter type="INSTRUCTION" missed="29" covered="0"/><counter type="LINE" missed="7" covered="0"/><counter type="COMPLEXITY" missed="1" covered="0"/><counter type="METHOD" missed="1" covered="0"/></method><method name="&lt;clinit&gt;" desc="()V" line="12"><counter type="INSTRUCTION" missed="19" covered="0"/><counter type="LINE" missed="1" covered="0"/><counter type="COMPLEXITY" missed="1" covered="0"/><counter type="METHOD" missed="1" covered="0"/></method><counter type="INSTRUCTION" missed="51" covered="0"/><counter type="LINE" missed="9" covered="0"/><counter type="COMPLEXITY" missed="3" covered="0"/><counter type="METHOD" missed="3" covered="0"/><counter type="CLASS" missed="1" covered="0"/></class><class name="edu/cmu/cs/cloud/Redis" sourcefilename="Redis.java"><method name="&lt;init&gt;" desc="()V" line="23"><counter type="INSTRUCTION" missed="0" covered="8"/><counter type="LINE" missed="0" covered="2"/><counter type="COMPLEXITY" missed="0" covered="1"/><counter type="METHOD" missed="0" covered="1"/></method><method name="type" desc="(Ljava/lang/String;)Ljava/lang/String;" line="94"><counter type="INSTRUCTION" missed="0" covered="29"/><counter type="BRANCH" missed="0" covered="8"/><counter type="LINE" missed="0" covered="10"/><counter type="COMPLEXITY" missed="0" covered="5"/><counter type="METHOD" missed="0" covered="1"/></method><method name="set" desc="(Ljava/lang/String;Ljava/lang/String;)Ljava/lang/String;" line="122"><counter type="INSTRUCTION" missed="0" covered="8"/><counter type="LINE" missed="0" covered="2"/><counter type="COMPLEXITY" missed="0" covered="1"/><counter type="METHOD" missed="0" covered="1"/></method><method name="checkType" desc="(Ljava/lang/String;Ljava/lang/String;)V" line="138"><counter type="INSTRUCTION" missed="0" covered="18"/><counter type="BRANCH" missed="0" covered="4"/><counter type="LINE" missed="0" covered="3"/><counter type="COMPLEXITY" missed="0" covered="3"/><counter type="METHOD" missed="0" covered="1"/></method><method name="get" desc="(Ljava/lang/String;)Ljava/lang/String;" line="155"><counter type="INSTRUCTION" missed="0" covered="10"/><counter type="LINE" missed="0" covered="2"/><counter type="COMPLEXITY" missed="0" covered="1"/><counter type="METHOD" missed="0" covered="1"/></method><method name="del" desc="([Ljava/lang/String;)I" line="169"><counter type="INSTRUCTION" missed="0" covered="31"/><counter type="BRANCH" missed="0" covered="4"/><counter type="LINE" missed="0" covered="6"/><counter type="COMPLEXITY" missed="0" covered="3"/><counter type="METHOD" missed="0" covered="1"/></method><method name="hset" desc="(Ljava/lang/String;Ljava/lang/String;Ljava/lang/String;)I" line="195"><counter type="INSTRUCTION" missed="0" covered="40"/><counter type="BRANCH" missed="0" covered="4"/><counter type="LINE" missed="0" covered="9"/><counter type="COMPLEXITY" missed="0" covered="3"/><counter type="METHOD" missed="0" covered="1"/></method><method name="hget" desc="(Ljava/lang/String;Ljava/lang/String;)Ljava/lang/String;" line="218"><counter type="INSTRUCTION" missed="0" covered="19"/><counter type="BRANCH" missed="0" covered="2"/><counter type="LINE" missed="0" covered="5"/><counter type="COMPLEXITY" missed="0" covered="2"/><counter type="METHOD" missed="0" covered="1"/></method><method name="hgetall" desc="(Ljava/lang/String;)Ljava/util/List;" line="239"><counter type="INSTRUCTION" missed="0" covered="42"/><counter type="BRANCH" missed="0" covered="4"/><counter type="LINE" missed="0" covered="10"/><counter type="COMPLEXITY" missed="0" covered="3"/><counter type="METHOD" missed="0" covered="1"/></method><method name="llen" desc="(Ljava/lang/String;)I" line="265"><counter type="INSTRUCTION" missed="0" covered="17"/><counter type="BRANCH" missed="0" covered="2"/><counter type="LINE" missed="0" covered="5"/><counter type="COMPLEXITY" missed="0" covered="2"/><counter type="METHOD" missed="0" covered="1"/></method><method name="rpush" desc="(Ljava/lang/String;[Ljava/lang/String;)I" line="288"><counter type="INSTRUCTION" missed="0" covered="44"/><counter type="BRANCH" missed="0" covered="4"/><counter type="LINE" missed="0" covered="8"/><counter type="COMPLEXITY" missed="0" covered="3"/><counter type="METHOD" missed="0" covered="1"/></method><method name="rpop" desc="(Ljava/lang/String;)Ljava/lang/String;" line="312"><counter type="INSTRUCTION" missed="0" covered="21"/><counter type="BRANCH" missed="1" covered="3"/><counter type="LINE" missed="0" covered="5"/><counter type="COMPLEXITY" missed="1" covered="2"/><counter type="METHOD" missed="0" covered="1"/></method><counter type="INSTRUCTION" missed="0" covered="287"/><counter type="BRANCH" missed="1" covered="35"/><counter type="LINE" missed="0" covered="67"/><counter type="COMPLEXITY" missed="1" covered="29"/><counter type="METHOD" missed="0" covered="12"/><counter type="CLASS" missed="0" covered="1"/></class><class name="edu/cmu/cs/cloud/MongoDBTasks" sourcefilename="MongoDBTasks.java"><method name="&lt;init&gt;" desc="()V" line="26"><counter type="INSTRUCTION" missed="3" covered="0"/><counter type="LINE" missed="1" covered="0"/><counter type="COMPLEXITY" missed="1" covered="0"/><counter type="METHOD" missed="1" covered="0"/></method><method name="initializeConnection" desc="()V" line="59"><counter type="INSTRUCTION" missed="34" covered="0"/><counter type="BRANCH" missed="4" covered="0"/><counter type="LINE" missed="10" covered="0"/><counter type="COMPLEXITY" missed="3" covered="0"/><counter type="METHOD" missed="1" covered="0"/></method><method name="cleanup" desc="()V" line="88"><counter type="INSTRUCTION" missed="5" covered="0"/><counter type="BRANCH" missed="2" covered="0"/><counter type="LINE" missed="3" covered="0"/><counter type="COMPLEXITY" missed="2" covered="0"/><counter type="METHOD" missed="1" covered="0"/></method><method name="main" desc="([Ljava/lang/String;)V" line="104"><counter type="INSTRUCTION" missed="23" covered="0"/><counter type="BRANCH" missed="6" covered="0"/><counter type="LINE" missed="14" covered="0"/><counter type="COMPLEXITY" missed="6" covered="0"/><counter type="METHOD" missed="1" covered="0"/></method><method name="demo" desc="()V" line="134"><counter type="INSTRUCTION" missed="21" covered="0"/><counter type="LINE" missed="4" covered="0"/><counter type="COMPLEXITY" missed="1" covered="0"/><counter type="METHOD" missed="1" covered="0"/></method><method name="q9" desc="()V" line="161"><counter type="INSTRUCTION" missed="85" covered="0"/><counter type="BRANCH" missed="6" covered="0"/><counter type="LINE" missed="19" covered="0"/><counter type="COMPLEXITY" missed="4" covered="0"/><counter type="METHOD" missed="1" covered="0"/></method><method name="q10" desc="()V" line="214"><counter type="INSTRUCTION" missed="114" covered="0"/><counter type="BRANCH" missed="6" covered="0"/><counter type="LINE" missed="20" covered="0"/><counter type="COMPLEXITY" missed="4" covered="0"/><counter type="METHOD" missed="1" covered="0"/></method><method name="q11" desc="()V" line="251"><counter type="INSTRUCTION" missed="111" covered="0"/><counter type="BRANCH" missed="8" covered="0"/><counter type="LINE" missed="21" covered="0"/><counter type="COMPLEXITY" missed="5" covered="0"/><counter type="METHOD" missed="1" covered="0"/></method><method name="q12" desc="()V" line="288"><counter type="INSTRUCTION" missed="40" covered="0"/><counter type="BRANCH" missed="4" covered="0"/><counter type="LINE" missed="9" covered="0"/><counter type="COMPLEXITY" missed="3" covered="0"/><counter type="METHOD" missed="1" covered="0"/></method><method name="&lt;clinit&gt;" desc="()V" line="50"><counter type="INSTRUCTION" missed="3" covered="0"/><counter type="LINE" missed="1" covered="0"/><counter type="COMPLEXITY" missed="1" covered="0"/><counter type="METHOD" missed="1" covered="0"/></method><counter type="INSTRUCTION" missed="439" covered="0"/><counter type="BRANCH" missed="36" covered="0"/><counter type="LINE" missed="102" covered="0"/><counter type="COMPLEXITY" missed="30" covered="0"/><counter type="METHOD" missed="10" covered="0"/><counter type="CLASS" missed="1" covered="0"/></class><sourcefile name="Business.java"><line nr="28" mi="595" ci="0" mb="110" cb="0"/><line nr="37" mi="3" ci="0" mb="0" cb="0"/><line nr="44" mi="3" ci="0" mb="0" cb="0"/><line nr="49" mi="3" ci="0" mb="0" cb="0"/><line nr="54" mi="3" ci="0" mb="0" cb="0"/><line nr="59" mi="3" ci="0" mb="0" cb="0"/><line nr="64" mi="3" ci="0" mb="0" cb="0"/><line nr="69" mi="3" ci="0" mb="0" cb="0"/><line nr="74" mi="3" ci="0" mb="0" cb="0"/><line nr="79" mi="3" ci="0" mb="0" cb="0"/><line nr="84" mi="3" ci="0" mb="0" cb="0"/><line nr="89" mi="3" ci="0" mb="0" cb="0"/><line nr="94" mi="3" ci="0" mb="0" cb="0"/><line nr="99" mi="3" ci="0" mb="0" cb="0"/><line nr="104" mi="3" ci="0" mb="0" cb="0"/><line nr="109" mi="3" ci="0" mb="0" cb="0"/><counter type="INSTRUCTION" missed="640" covered="0"/><counter type="BRANCH" missed="110" covered="0"/><counter type="LINE" missed="16" covered="0"/><counter type="COMPLEXITY" missed="90" covered="0"/><counter type="METHOD" missed="35" covered="0"/><counter type="CLASS" missed="1" covered="0"/></sourcefile><sourcefile name="Memcached.java"><line nr="13" mi="2" ci="0" mb="0" cb="0"/><line nr="21" mi="6" ci="0" mb="0" cb="0"/><line nr="31" mi="6" ci="0" mb="0" cb="0"/><line nr="32" mi="2" ci="0" mb="0" cb="0"/><line nr="42" mi="6" ci="0" mb="0" cb="0"/><line nr="53" mi="5" ci="0" mb="2" cb="0"/><line nr="54" mi="5" ci="0" mb="0" cb="0"/><line nr="55" mi="2" ci="0" mb="0" cb="0"/><line nr="57" mi="2" ci="0" mb="0" cb="0"/><counter type="INSTRUCTION" missed="36" covered="0"/><counter type="BRANCH" missed="2" covered="0"/><counter type="LINE" missed="9" covered="0"/><counter type="COMPLEXITY" missed="5" covered="0"/><counter type="METHOD" missed="4" covered="0"/><counter type="CLASS" missed="1" covered="0"/></sourcefile><sourcefile name="MySQLTasks.java"><line nr="13" mi="3" ci="0" mb="0" cb="0"/><line nr="40" mi="3" ci="0" mb="0" cb="0"/><line nr="41" mi="4" ci="0" mb="0" cb="0"/><line nr="55" mi="4" ci="0" mb="2" cb="0"/><line nr="56" mi="1" ci="0" mb="0" cb="0"/><line nr="57" mi="2" ci="0" mb="0" cb="0"/><line nr="60" mi="1" ci="0" mb="0" cb="0"/><line nr="61" mi="10" ci="0" mb="9" cb="0"/><line nr="63" mi="1" ci="0" mb="0" cb="0"/><line nr="64" mi="1" ci="0" mb="0" cb="0"/><line nr="66" mi="1" ci="0" mb="0" cb="0"/><line nr="67" mi="1" ci="0" mb="0" cb="0"/><line nr="69" mi="1" ci="0" mb="0" cb="0"/><line nr="70" mi="1" ci="0" mb="0" cb="0"/><line nr="72" mi="1" ci="0" mb="0" cb="0"/><line nr="73" mi="1" ci="0" mb="0" cb="0"/><line nr="75" mi="1" ci="0" mb="0" cb="0"/><line nr="76" mi="1" ci="0" mb="0" cb="0"/><line nr="78" mi="1" ci="0" mb="0" cb="0"/><line nr="79" mi="1" ci="0" mb="0" cb="0"/><line nr="81" mi="1" ci="0" mb="0" cb="0"/><line nr="82" mi="1" ci="0" mb="0" cb="0"/><line nr="84" mi="3" ci="0" mb="0" cb="0"/><line nr="85" mi="1" ci="0" mb="0" cb="0"/><line nr="87" mi="1" ci="0" mb="0" cb="0"/><line nr="88" mi="2" ci="0" mb="0" cb="0"/><line nr="90" mi="1" ci="0" mb="0" cb="0"/><line nr="91" mi="4" ci="0" mb="0" cb="0"/><line nr="93" mi="1" ci="0" mb="0" cb="0"/><line nr="95" mi="1" ci="0" mb="0" cb="0"/><line nr="105" mi="3" ci="0" mb="0" cb="0"/><line nr="106" mi="5" ci="0" mb="0" cb="0"/><line nr="107" mi="1" ci="0" mb="0" cb="0"/><line nr="113" mi="2" ci="0" mb="2" cb="0"/><line nr="115" mi="2" ci="0" mb="0" cb="0"/><line nr="116" mi="1" ci="0" mb="0" cb="0"/><line nr="117" mi="2" ci="0" mb="0" cb="0"/><line nr="118" mi="1" ci="0" mb="0" cb="0"/><line nr="120" mi="1" ci="0" mb="0" cb="0"/><line nr="128" mi="2" ci="0" mb="0" cb="0"/><line nr="129" mi="2" ci="0" mb="0" cb="0"/><line nr="130" mi="1" ci="0" mb="0" cb="0"/><line nr="155" mi="1" ci="0" mb="0" cb="0"/><line nr="156" mi="2" ci="0" mb="0" cb="0"/><line nr="157" mi="2" ci="0" mb="0" cb="0"/><line nr="158" mi="2" ci="0" mb="0" cb="0"/><line nr="159" mi="1" ci="0" mb="0" cb="0"/><line nr="174" mi="2" ci="0" mb="0" cb="0"/><line nr="175" mi="2" ci="0" mb="0" cb="0"/><line nr="176" mi="2" ci="0" mb="0" cb="0"/><line nr="177" mi="1" ci="0" mb="0" cb="0"/><line nr="195" mi="11" ci="0" mb="2" cb="0"/><line nr="196" mi="9" ci="0" mb="0" cb="0"/><line nr="197" mi="1" ci="0" mb="0" cb="0"/><line nr="198" mi="1" ci="0" mb="0" cb="0"/><line nr="226" mi="2" ci="0" mb="0" cb="0"/><line nr="227" mi="2" ci="0" mb="0" cb="0"/><line nr="228" mi="2" ci="0" mb="0" cb="0"/><line nr="229" mi="1" ci="0" mb="0" cb="0"/><line nr="251" mi="2" ci="0" mb="0" cb="0"/><line nr="254" mi="2" ci="0" mb="0" cb="0"/><line nr="255" mi="1" ci="0" mb="0" cb="0"/><line nr="270" mi="2" ci="0" mb="0" cb="0"/><line nr="273" mi="2" ci="0" mb="0" cb="0"/><line nr="274" mi="1" ci="0" mb="0" cb="0"/><line nr="285" mi="2" ci="0" mb="0" cb="0"/><line nr="289" mi="2" ci="0" mb="0" cb="0"/><line nr="290" mi="1" ci="0" mb="0" cb="0"/><line nr="302" mi="2" ci="0" mb="0" cb="0"/><line nr="303" mi="2" ci="0" mb="0" cb="0"/><line nr="304" mi="13" ci="0" mb="0" cb="0"/><line nr="305" mi="1" ci="0" mb="0" cb="0"/><line nr="307" mi="13" ci="0" mb="0" cb="0"/><line nr="308" mi="1" ci="0" mb="0" cb="0"/><line nr="310" mi="1" ci="0" mb="0" cb="0"/><line nr="322" mi="9" ci="0" mb="0" cb="0"/><line nr="323" mi="2" ci="0" mb="0" cb="0"/><line nr="324" mi="2" ci="0" mb="0" cb="0"/><line nr="326" mi="3" ci="0" mb="0" cb="0"/><line nr="327" mi="4" ci="0" mb="0" cb="0"/><line nr="328" mi="3" ci="0" mb="2" cb="0"/><line nr="329" mi="4" ci="0" mb="0" cb="0"/><line nr="330" mi="10" ci="0" mb="2" cb="0"/><line nr="331" mi="1" ci="0" mb="0" cb="0"/><line nr="332" mi="1" ci="0" mb="0" cb="0"/><line nr="333" mi="2" ci="0" mb="0" cb="0"/><line nr="335" mi="2" ci="0" mb="2" cb="0"/><line nr="337" mi="2" ci="0" mb="0" cb="0"/><line nr="338" mi="1" ci="0" mb="0" cb="0"/><line nr="339" mi="2" ci="0" mb="0" cb="0"/><line nr="340" mi="1" ci="0" mb="0" cb="0"/><line nr="343" mi="3" ci="0" mb="0" cb="0"/><line nr="344" mi="1" ci="0" mb="0" cb="0"/><line nr="353" mi="11" ci="0" mb="2" cb="0"/><line nr="354" mi="3" ci="0" mb="0" cb="0"/><line nr="355" mi="1" ci="0" mb="0" cb="0"/><line nr="356" mi="1" ci="0" mb="0" cb="0"/><line nr="365" mi="7" ci="0" mb="0" cb="0"/><line nr="375" mi="7" ci="0" mb="0" cb="0"/><line nr="387" mi="11" ci="0" mb="0" cb="0"/><line nr="388" mi="2" ci="0" mb="0" cb="0"/><line nr="392" mi="2" ci="0" mb="0" cb="0"/><line nr="393" mi="4" ci="0" mb="0" cb="0"/><line nr="395" mi="3" ci="0" mb="0" cb="0"/><line nr="396" mi="4" ci="0" mb="0" cb="0"/><line nr="397" mi="3" ci="0" mb="2" cb="0"/><line nr="398" mi="4" ci="0" mb="0" cb="0"/><line nr="399" mi="4" ci="0" mb="0" cb="0"/><line nr="400" mi="6" ci="0" mb="2" cb="0"/><line nr="401" mi="4" ci="0" mb="2" cb="0"/><line nr="402" mi="2" ci="0" mb="2" cb="0"/><line nr="403" mi="5" ci="0" mb="0" cb="0"/><line nr="405" mi="1" ci="0" mb="0" cb="0"/><line nr="406" mi="1" ci="0" mb="0" cb="0"/><line nr="407" mi="2" ci="0" mb="0" cb="0"/><line nr="409" mi="2" ci="0" mb="2" cb="0"/><line nr="411" mi="2" ci="0" mb="0" cb="0"/><line nr="412" mi="1" ci="0" mb="0" cb="0"/><line nr="413" mi="2" ci="0" mb="0" cb="0"/><line nr="414" mi="1" ci="0" mb="0" cb="0"/><line nr="417" mi="2" ci="0" mb="0" cb="0"/><line nr="439" mi="6" ci="0" mb="0" cb="0"/><line nr="440" mi="2" ci="0" mb="0" cb="0"/><line nr="442" mi="3" ci="0" mb="0" cb="0"/><line nr="443" mi="4" ci="0" mb="0" cb="0"/><line nr="444" mi="3" ci="0" mb="2" cb="0"/><line nr="445" mi="6" ci="0" mb="0" cb="0"/><line nr="447" mi="1" ci="0" mb="0" cb="0"/><line nr="448" mi="2" ci="0" mb="0" cb="0"/><line nr="450" mi="2" ci="0" mb="2" cb="0"/><line nr="452" mi="2" ci="0" mb="0" cb="0"/><line nr="453" mi="1" ci="0" mb="0" cb="0"/><line nr="454" mi="2" ci="0" mb="0" cb="0"/><line nr="455" mi="1" ci="0" mb="0" cb="0"/><line nr="458" mi="1" ci="0" mb="0" cb="0"/><line nr="478" mi="6" ci="0" mb="0" cb="0"/><line nr="479" mi="2" ci="0" mb="0" cb="0"/><line nr="481" mi="3" ci="0" mb="0" cb="0"/><line nr="482" mi="4" ci="0" mb="0" cb="0"/><line nr="483" mi="1" ci="0" mb="0" cb="0"/><line nr="484" mi="2" ci="0" mb="0" cb="0"/><line nr="486" mi="2" ci="0" mb="2" cb="0"/><line nr="488" mi="2" ci="0" mb="0" cb="0"/><line nr="489" mi="1" ci="0" mb="0" cb="0"/><line nr="490" mi="2" ci="0" mb="0" cb="0"/><line nr="491" mi="1" ci="0" mb="0" cb="0"/><line nr="494" mi="1" ci="0" mb="0" cb="0"/><counter type="INSTRUCTION" missed="385" covered="0"/><counter type="BRANCH" missed="39" covered="0"/><counter type="LINE" missed="147" covered="0"/><counter type="COMPLEXITY" missed="44" covered="0"/><counter type="METHOD" missed="21" covered="0"/><counter type="CLASS" missed="1" covered="0"/></sourcefile><sourcefile name="MongoDBTasks.java"><line nr="26" mi="3" ci="0" mb="0" cb="0"/><line nr="50" mi="3" ci="0" mb="0" cb="0"/><line nr="59" mi="3" ci="0" mb="0" cb="0"/><line nr="60" mi="3" ci="0" mb="0" cb="0"/><line nr="63" mi="5" ci="0" mb="4" cb="0"/><line nr="64" mi="3" ci="0" mb="0" cb="0"/><line nr="65" mi="1" ci="0" mb="0" cb="0"/><line nr="69" mi="5" ci="0" mb="0" cb="0"/><line nr="72" mi="5" ci="0" mb="0" cb="0"/><line nr="75" mi="4" ci="0" mb="0" cb="0"/><line nr="78" mi="4" ci="0" mb="0" cb="0"/><line nr="79" mi="1" ci="0" mb="0" cb="0"/><line nr="88" mi="2" ci="0" mb="2" cb="0"/><line nr="89" mi="2" ci="0" mb="0" cb="0"/><line nr="91" mi="1" ci="0" mb="0" cb="0"/><line nr="104" mi="1" ci="0" mb="0" cb="0"/><line nr="105" mi="10" ci="0" mb="6" cb="0"/><line nr="107" mi="1" ci="0" mb="0" cb="0"/><line nr="108" mi="1" ci="0" mb="0" cb="0"/><line nr="110" mi="1" ci="0" mb="0" cb="0"/><line nr="111" mi="1" ci="0" mb="0" cb="0"/><line nr="113" mi="1" ci="0" mb="0" cb="0"/><line nr="114" mi="1" ci="0" mb="0" cb="0"/><line nr="116" mi="1" ci="0" mb="0" cb="0"/><line nr="117" mi="1" ci="0" mb="0" cb="0"/><line nr="119" mi="1" ci="0" mb="0" cb="0"/><line nr="120" mi="1" ci="0" mb="0" cb="0"/><line nr="124" mi="1" ci="0" mb="0" cb="0"/><line nr="125" mi="1" ci="0" mb="0" cb="0"/><line nr="134" mi="4" ci="0" mb="0" cb="0"/><line nr="136" mi="4" ci="0" mb="0" cb="0"/><line nr="138" mi="12" ci="0" mb="0" cb="0"/><line nr="139" mi="1" ci="0" mb="0" cb="0"/><line nr="161" mi="5" ci="0" mb="0" cb="0"/><line nr="162" mi="5" ci="0" mb="0" cb="0"/><line nr="163" mi="4" ci="0" mb="0" cb="0"/><line nr="164" mi="5" ci="0" mb="0" cb="0"/><line nr="165" mi="20" ci="0" mb="0" cb="0"/><line nr="167" mi="7" ci="0" mb="0" cb="0"/><line nr="168" mi="3" ci="0" mb="2" cb="0"/><line nr="169" mi="3" ci="0" mb="0" cb="0"/><line nr="171" mi="3" ci="0" mb="2" cb="0"/><line nr="172" mi="4" ci="0" mb="0" cb="0"/><line nr="173" mi="4" ci="0" mb="0" cb="0"/><line nr="174" mi="2" ci="0" mb="2" cb="0"/><line nr="175" mi="3" ci="0" mb="0" cb="0"/><line nr="177" mi="1" ci="0" mb="0" cb="0"/><line nr="178" mi="1" ci="0" mb="0" cb="0"/><line nr="179" mi="11" ci="0" mb="0" cb="0"/><line nr="180" mi="2" ci="0" mb="0" cb="0"/><line nr="181" mi="1" ci="0" mb="0" cb="0"/><line nr="182" mi="1" ci="0" mb="0" cb="0"/><line nr="214" mi="5" ci="0" mb="0" cb="0"/><line nr="215" mi="18" ci="0" mb="0" cb="0"/><line nr="216" mi="4" ci="0" mb="0" cb="0"/><line nr="217" mi="4" ci="0" mb="0" cb="0"/><line nr="218" mi="5" ci="0" mb="0" cb="0"/><line nr="219" mi="24" ci="0" mb="0" cb="0"/><line nr="221" mi="15" ci="0" mb="0" cb="0"/><line nr="222" mi="3" ci="0" mb="2" cb="0"/><line nr="223" mi="3" ci="0" mb="0" cb="0"/><line nr="225" mi="3" ci="0" mb="2" cb="0"/><line nr="226" mi="4" ci="0" mb="0" cb="0"/><line nr="227" mi="4" ci="0" mb="0" cb="0"/><line nr="228" mi="2" ci="0" mb="2" cb="0"/><line nr="229" mi="3" ci="0" mb="0" cb="0"/><line nr="231" mi="1" ci="0" mb="0" cb="0"/><line nr="232" mi="1" ci="0" mb="0" cb="0"/><line nr="233" mi="11" ci="0" mb="0" cb="0"/><line nr="234" mi="2" ci="0" mb="0" cb="0"/><line nr="235" mi="1" ci="0" mb="0" cb="0"/><line nr="236" mi="1" ci="0" mb="0" cb="0"/><line nr="251" mi="5" ci="0" mb="0" cb="0"/><line nr="252" mi="5" ci="0" mb="0" cb="0"/><line nr="253" mi="5" ci="0" mb="0" cb="0"/><line nr="254" mi="5" ci="0" mb="0" cb="0"/><line nr="255" mi="4" ci="0" mb="0" cb="0"/><line nr="256" mi="24" ci="0" mb="0" cb="0"/><line nr="257" mi="7" ci="0" mb="0" cb="0"/><line nr="258" mi="3" ci="0" mb="2" cb="0"/><line nr="259" mi="3" ci="0" mb="0" cb="0"/><line nr="261" mi="3" ci="0" mb="2" cb="0"/><line nr="262" mi="4" ci="0" mb="0" cb="0"/><line nr="263" mi="4" ci="0" mb="0" cb="0"/><line nr="264" mi="4" ci="0" mb="0" cb="0"/><line nr="265" mi="4" ci="0" mb="4" cb="0"/><line nr="266" mi="14" ci="0" mb="0" cb="0"/><line nr="268" mi="1" ci="0" mb="0" cb="0"/><line nr="269" mi="1" ci="0" mb="0" cb="0"/><line nr="270" mi="11" ci="0" mb="0" cb="0"/><line nr="271" mi="2" ci="0" mb="0" cb="0"/><line nr="272" mi="1" ci="0" mb="0" cb="0"/><line nr="273" mi="1" ci="0" mb="0" cb="0"/><line nr="288" mi="9" ci="0" mb="0" cb="0"/><line nr="289" mi="5" ci="0" mb="0" cb="0"/><line nr="290" mi="2" ci="0" mb="0" cb="0"/><line nr="293" mi="4" ci="0" mb="0" cb="0"/><line nr="294" mi="4" ci="0" mb="0" cb="0"/><line nr="296" mi="6" ci="0" mb="4" cb="0"/><line nr="297" mi="6" ci="0" mb="0" cb="0"/><line nr="299" mi="3" ci="0" mb="0" cb="0"/><line nr="301" mi="1" ci="0" mb="0" cb="0"/><counter type="INSTRUCTION" missed="439" covered="0"/><counter type="BRANCH" missed="36" covered="0"/><counter type="LINE" missed="102" covered="0"/><counter type="COMPLEXITY" missed="30" covered="0"/><counter type="METHOD" missed="10" covered="0"/><counter type="CLASS" missed="1" covered="0"/></sourcefile><sourcefile name="Redis.java"><line nr="23" mi="0" ci="2" mb="0" cb="0"/><line nr="57" mi="0" ci="6" mb="0" cb="0"/><line nr="94" mi="0" ci="5" mb="0" cb="2"/><line nr="95" mi="0" ci="5" mb="0" cb="0"/><line nr="96" mi="0" ci="3" mb="0" cb="2"/><line nr="97" mi="0" ci="2" mb="0" cb="0"/><line nr="98" mi="0" ci="3" mb="0" cb="2"/><line nr="99" mi="0" ci="2" mb="0" cb="0"/><line nr="100" mi="0" ci="3" mb="0" cb="2"/><line nr="101" mi="0" ci="2" mb="0" cb="0"/><line nr="103" mi="0" ci="2" mb="0" cb="0"/><line nr="106" mi="0" ci="2" mb="0" cb="0"/><line nr="122" mi="0" ci="6" mb="0" cb="0"/><line nr="123" mi="0" ci="2" mb="0" cb="0"/><line nr="138" mi="0" ci="12" mb="0" cb="4"/><line nr="139" mi="0" ci="5" mb="0" cb="0"/><line nr="141" mi="0" ci="1" mb="0" cb="0"/><line nr="155" mi="0" ci="4" mb="0" cb="0"/><line nr="156" mi="0" ci="6" mb="0" cb="0"/><line nr="169" mi="0" ci="2" mb="0" cb="0"/><line nr="170" mi="0" ci="16" mb="0" cb="2"/><line nr="171" mi="0" ci="5" mb="0" cb="2"/><line nr="172" mi="0" ci="5" mb="0" cb="0"/><line nr="173" mi="0" ci="1" mb="0" cb="0"/><line nr="176" mi="0" ci="2" mb="0" cb="0"/><line nr="195" mi="0" ci="4" mb="0" cb="0"/><line nr="197" mi="0" ci="6" mb="0" cb="0"/><line nr="198" mi="0" ci="2" mb="0" cb="2"/><line nr="199" mi="0" ci="4" mb="0" cb="0"/><line nr="200" mi="0" ci="6" mb="0" cb="0"/><line nr="202" mi="0" ci="3" mb="0" cb="0"/><line nr="203" mi="0" ci="5" mb="0" cb="0"/><line nr="204" mi="0" ci="3" mb="0" cb="0"/><line nr="205" mi="0" ci="7" mb="0" cb="2"/><line nr="218" mi="0" ci="4" mb="0" cb="0"/><line nr="220" mi="0" ci="6" mb="0" cb="0"/><line nr="221" mi="0" ci="2" mb="0" cb="2"/><line nr="222" mi="0" ci="2" mb="0" cb="0"/><line nr="224" mi="0" ci="5" mb="0" cb="0"/><line nr="239" mi="0" ci="4" mb="0" cb="0"/><line nr="240" mi="0" ci="4" mb="0" cb="0"/><line nr="242" mi="0" ci="6" mb="0" cb="0"/><line nr="243" mi="0" ci="2" mb="0" cb="2"/><line nr="244" mi="0" ci="2" mb="0" cb="0"/><line nr="246" mi="0" ci="11" mb="0" cb="2"/><line nr="247" mi="0" ci="5" mb="0" cb="0"/><line nr="248" mi="0" ci="5" mb="0" cb="0"/><line nr="249" mi="0" ci="1" mb="0" cb="0"/><line nr="250" mi="0" ci="2" mb="0" cb="0"/><line nr="265" mi="0" ci="4" mb="0" cb="0"/><line nr="267" mi="0" ci="6" mb="0" cb="0"/><line nr="268" mi="0" ci="2" mb="0" cb="2"/><line nr="269" mi="0" ci="2" mb="0" cb="0"/><line nr="271" mi="0" ci="3" mb="0" cb="0"/><line nr="288" mi="0" ci="4" mb="0" cb="0"/><line nr="290" mi="0" ci="6" mb="0" cb="0"/><line nr="291" mi="0" ci="2" mb="0" cb="2"/><line nr="292" mi="0" ci="4" mb="0" cb="0"/><line nr="293" mi="0" ci="6" mb="0" cb="0"/><line nr="295" mi="0" ci="16" mb="0" cb="2"/><line nr="296" mi="0" ci="3" mb="0" cb="0"/><line nr="298" mi="0" ci="3" mb="0" cb="0"/><line nr="312" mi="0" ci="4" mb="0" cb="0"/><line nr="314" mi="0" ci="6" mb="0" cb="0"/><line nr="315" mi="0" ci="5" mb="1" cb="3"/><line nr="316" mi="0" ci="2" mb="0" cb="0"/><line nr="318" mi="0" ci="4" mb="0" cb="0"/><counter type="INSTRUCTION" missed="0" covered="287"/><counter type="BRANCH" missed="1" covered="35"/><counter type="LINE" missed="0" covered="67"/><counter type="COMPLEXITY" missed="1" covered="29"/><counter type="METHOD" missed="0" covered="12"/><counter type="CLASS" missed="0" covered="1"/></sourcefile><sourcefile name="Server.java"><line nr="17" mi="2" ci="0" mb="0" cb="0"/><line nr="18" mi="3" ci="0" mb="0" cb="0"/><line nr="19" mi="6" ci="0" mb="0" cb="0"/><line nr="20" mi="1" ci="0" mb="0" cb="0"/><line nr="34" mi="5" ci="0" mb="0" cb="0"/><line nr="46" mi="5" ci="0" mb="0" cb="0"/><counter type="INSTRUCTION" missed="22" covered="0"/><counter type="LINE" missed="6" covered="0"/><counter type="COMPLEXITY" missed="3" covered="0"/><counter type="METHOD" missed="3" covered="0"/><counter type="CLASS" missed="1" covered="0"/></sourcefile><sourcefile name="ReservationApp.java"><line nr="9" mi="3" ci="0" mb="0" cb="0"/><line nr="12" mi="19" ci="0" mb="0" cb="0"/><line nr="15" mi="10" ci="0" mb="0" cb="0"/><line nr="16" mi="7" ci="0" mb="0" cb="0"/><line nr="17" mi="3" ci="0" mb="0" cb="0"/><line nr="18" mi="1" ci="0" mb="0" cb="0"/><line nr="19" mi="3" ci="0" mb="0" cb="0"/><line nr="21" mi="4" ci="0" mb="0" cb="0"/><line nr="22" mi="1" ci="0" mb="0" cb="0"/><counter type="INSTRUCTION" missed="51" covered="0"/><counter type="LINE" missed="9" covered="0"/><counter type="COMPLEXITY" missed="3" covered="0"/><counter type="METHOD" missed="3" covered="0"/><counter type="CLASS" missed="1" covered="0"/></sourcefile><sourcefile name="Config.java"><line nr="12" mi="2" ci="0" mb="0" cb="0"/><line nr="13" mi="4" ci="0" mb="0" cb="0"/><line nr="14" mi="5" ci="0" mb="0" cb="0"/><line nr="15" mi="3" ci="0" mb="0" cb="0"/><line nr="16" mi="5" ci="0" mb="0" cb="0"/><line nr="17" mi="5" ci="0" mb="0" cb="0"/><line nr="18" mi="1" ci="0" mb="0" cb="0"/><line nr="21" mi="3" ci="0" mb="0" cb="0"/><line nr="25" mi="3" ci="0" mb="0" cb="0"/><counter type="INSTRUCTION" missed="31" covered="0"/><counter type="LINE" missed="9" covered="0"/><counter type="COMPLEXITY" missed="3" covered="0"/><counter type="METHOD" missed="3" covered="0"/><counter type="CLASS" missed="1" covered="0"/></sourcefile><sourcefile name="RedisLock.java"><line nr="18" mi="2" ci="0" mb="0" cb="0"/><line nr="19" mi="3" ci="0" mb="0" cb="0"/><line nr="20" mi="1" ci="0" mb="0" cb="0"/><line nr="31" mi="4" ci="0" mb="0" cb="0"/><line nr="33" mi="7" ci="0" mb="0" cb="0"/><line nr="34" mi="5" ci="0" mb="0" cb="0"/><line nr="47" mi="5" ci="0" mb="0" cb="0"/><counter type="INSTRUCTION" missed="27" covered="0"/><counter type="LINE" missed="7" covered="0"/><counter type="COMPLEXITY" missed="3" covered="0"/><counter type="METHOD" missed="3" covered="0"/><counter type="CLASS" missed="1" covered="0"/></sourcefile><sourcefile name="YelpApp.java"><line nr="28" mi="3" ci="0" mb="0" cb="0"/><line nr="33" mi="2" ci="0" mb="0" cb="0"/><line nr="38" mi="3" ci="0" mb="0" cb="0"/><line nr="39" mi="4" ci="0" mb="0" cb="0"/><line nr="49" mi="4" ci="0" mb="0" cb="0"/><line nr="54" mi="4" ci="0" mb="0" cb="0"/><line nr="55" mi="5" ci="0" mb="0" cb="0"/><line nr="58" mi="5" ci="0" mb="0" cb="0"/><line nr="59" mi="2" ci="0" mb="2" cb="0"/><line nr="60" mi="5" ci="0" mb="0" cb="0"/><line nr="61" mi="5" ci="0" mb="0" cb="0"/><line nr="64" mi="4" ci="0" mb="0" cb="0"/><line nr="66" mi="4" ci="0" mb="0" cb="0"/><line nr="68" mi="4" ci="0" mb="0" cb="0"/><line nr="69" mi="4" ci="0" mb="0" cb="0"/><line nr="70" mi="4" ci="0" mb="0" cb="0"/><line nr="71" mi="1" ci="0" mb="0" cb="0"/><line nr="72" mi="5" ci="0" mb="0" cb="0"/><line nr="88" mi="3" ci="0" mb="0" cb="0"/><line nr="89" mi="2" ci="0" mb="0" cb="0"/><line nr="90" mi="2" ci="0" mb="0" cb="0"/><line nr="92" mi="2" ci="0" mb="0" cb="0"/><line nr="93" mi="3" ci="0" mb="0" cb="0"/><line nr="94" mi="3" ci="0" mb="0" cb="0"/><line nr="100" mi="4" ci="0" mb="0" cb="0"/><line nr="102" mi="4" ci="0" mb="0" cb="0"/><line nr="104" mi="4" ci="0" mb="0" cb="0"/><line nr="106" mi="3" ci="0" mb="0" cb="0"/><line nr="107" mi="10" ci="0" mb="2" cb="0"/><line nr="110" mi="5" ci="0" mb="0" cb="0"/><line nr="111" mi="1" ci="0" mb="0" cb="0"/><line nr="112" mi="2" ci="0" mb="0" cb="0"/><line nr="113" mi="1" ci="0" mb="0" cb="0"/><line nr="114" mi="1" ci="0" mb="0" cb="0"/><line nr="115" mi="3" ci="0" mb="0" cb="0"/><line nr="116" mi="2" ci="0" mb="0" cb="0"/><line nr="117" mi="1" ci="0" mb="0" cb="0"/><line nr="118" mi="2" ci="0" mb="0" cb="0"/><line nr="120" mi="5" ci="0" mb="4" cb="0"/><line nr="121" mi="2" ci="0" mb="0" cb="0"/><line nr="123" mi="5" ci="0" mb="4" cb="0"/><line nr="124" mi="2" ci="0" mb="0" cb="0"/><line nr="127" mi="1" ci="0" mb="0" cb="0"/><counter type="INSTRUCTION" missed="141" covered="0"/><counter type="BRANCH" missed="12" covered="0"/><counter type="LINE" missed="43" covered="0"/><counter type="COMPLEXITY" missed="10" covered="0"/><counter type="METHOD" missed="4" covered="0"/><counter type="CLASS" missed="1" covered="0"/></sourcefile><counter type="INSTRUCTION" missed="1772" covered="287"/><counter type="BRANCH" missed="200" covered="35"/><counter type="LINE" missed="348" covered="67"/><counter type="COMPLEXITY" missed="192" covered="29"/><counter type="METHOD" missed="86" covered="12"/><counter type="CLASS" missed="9" covered="1"/></package><counter type="INSTRUCTION" missed="2493" covered="287"/><counter type="BRANCH" missed="291" covered="35"/><counter type="LINE" missed="452" covered="67"/><counter type="COMPLEXITY" missed="266" covered="29"/><counter type="METHOD" missed="114" covered="12"/><counter type="CLASS" missed="12" covered="1"/></report>